<?xml version="1.0" encoding="UTF-8"?>
<!-- Generated by org.testng.reporters.JUnitReportReporter -->
<testsuite skipped="0" hostname="LAPTOP-A1ON5EUR" name="tests.RegisterAccount" tests="2" failures="0" timestamp="2021-09-27T10:51:28 IST" time="25.466" errors="0">
  <testcase name="createaccount" time="12.787" classname="tests.RegisterAccount"/>
  <system-out/>
  <testcase name="createaccount" time="12.679" classname="tests.RegisterAccount"/>
  <system-out/>
</testsuite> <!-- tests.RegisterAccount -->
